Log file open, 06/13/17 16:42:37
LogInit:Display: Running engine for game: BuildingSpace
LogPlatformFile: Not using cached read wrapper
LogInit:Display: RandInit(-2092479987) SRandInit(-2092479987).
LogTaskGraph: Started task graph with 5 named threads and 8 total threads with 1 sets of task threads.
LogStats: Stats thread started at 0.391800
LogInit: Using libcurl 7.47.1
LogInit:  - built for x86_64-pc-win32
LogInit:  - supports SSL with OpenSSL/1.0.2g
LogInit:  - supports HTTP deflate (compression) using libz 1.2.8
LogInit:  - other features:
LogInit:      CURL_VERSION_SSL
LogInit:      CURL_VERSION_LIBZ
LogInit:      CURL_VERSION_IPV6
LogInit:      CURL_VERSION_ASYNCHDNS
LogInit:      CURL_VERSION_LARGEFILE
LogInit:      CURL_VERSION_IDN
LogInit:  CurlRequestOptions (configurable via config and command line):
LogInit:  - bVerifyPeer = false  - Libcurl will NOT verify peer certificate
LogInit:  - bUseHttpProxy = false  - Libcurl will NOT use HTTP proxy
LogInit:  - bDontReuseConnections = false  - Libcurl will reuse connections
LogInit:  - CertBundlePath = nullptr  - Libcurl will use whatever was configured at build time.
LogInit: Build: ++UE4+Release-4.16-CL-3466753
LogInit: Engine Version: 4.16.1-3466753+++UE4+Release-4.16
LogInit: Compatible Engine Version: 4.16.0-3452394+++UE4+Release-4.16
LogInit: Net CL: 3452394
LogDevObjectVersion: Number of dev versions registered: 16
LogDevObjectVersion:   Dev-Blueprints (B0D832E4-1F89-4F0D-ACCF-7EB736FD4AA2): 9
LogDevObjectVersion:   Dev-Build (E1C64328-A22C-4D53-A36C-8E866417BD8C): 0
LogDevObjectVersion:   Dev-Core (375EC13C-06E4-48FB-B500-84F0262A717E): 2
LogDevObjectVersion:   Dev-Editor (E4B068ED-F494-42E9-A231-DA0B2E46BB41): 17
LogDevObjectVersion:   Dev-Framework (CFFC743F-43B0-4480-9391-14DF171D2073): 23
LogDevObjectVersion:   Dev-Mobile (B02B49B5-BB20-44E9-A304-32B752E40360): 0
LogDevObjectVersion:   Dev-Networking (A4E4105C-59A1-49B5-A7C5-40C4547EDFEE): 0
LogDevObjectVersion:   Dev-Online (39C831C9-5AE6-47DC-9A44-9C173E1C8E7C): 0
LogDevObjectVersion:   Dev-Physics (78F01B33-EBEA-4F98-B9B4-84EACCB95AA2): 0
LogDevObjectVersion:   Dev-Platform (6631380F-2D4D-43E0-8009-CF276956A95A): 0
LogDevObjectVersion:   Dev-Rendering (12F88B9F-8875-4AFC-A67C-D90C383ABD29): 15
LogDevObjectVersion:   Dev-Sequencer (7B5AE74C-D270-4C10-A958-57980B212A5A): 4
LogDevObjectVersion:   Dev-VR (D7296918-1DD6-4BDD-9DE2-64A83CC13884): 0
LogDevObjectVersion:   Dev-LoadTimes (C2A15278-BFE7-4AFE-6C17-90FF531DF755): 1
LogDevObjectVersion:   Private-Geometry (6EACA3D4-40EC-4CC1-B786-8BED09428FC5): 1
LogDevObjectVersion:   Dev-AnimPhys (29E575DD-E0A3-4627-9D10-D276232CDCEA): 3
LogInit: Compiled (64-bit): May 31 2017 02:03:30
LogInit: Compiled with Visual C++: 19.00.24215.01
LogInit: Build Configuration: Development
LogInit: Branch Name: ++UE4+Release-4.16
LogInit: Command line:  -skipcompile
LogInit: Base directory: D:/Program Files/Epic Games/UE_4.16/Engine/Binaries/Win64/
LogInit: Installed Engine Build: 1
LogInit: Presizing for max 8388607 objects, including 0 objects not considered by GC, pre-allocating 0 bytes for permanent pool.
LogInit: Object subsystem initialized
[2017.06.13-20.42.38:128][  0]LogInit: Selected Device Profile: [Windows]
[2017.06.13-20.42.38:128][  0]LogInit: Applying CVar settings loaded from the selected device profile: [Windows]
[2017.06.13-20.42.38:137][  0]LogInit: Computer: GBERNAL-FLUID
[2017.06.13-20.42.38:137][  0]LogInit: User: gbernal
[2017.06.13-20.42.38:137][  0]LogInit: CPU Page size=4096, Cores=4
[2017.06.13-20.42.38:137][  0]LogInit: High frequency timer resolution =3.914069 MHz
[2017.06.13-20.42.38:137][  0]LogMemory: Memory total: Physical=32.0GB (32GB approx)
[2017.06.13-20.42.38:138][  0]LogMemory: Platform Memory Stats for Windows
[2017.06.13-20.42.38:138][  0]LogMemory: Process Physical Memory: 274.04 MB used, 274.04 MB peak
[2017.06.13-20.42.38:138][  0]LogMemory: Process Virtual Memory: 261.31 MB used, 261.31 MB peak
[2017.06.13-20.42.38:138][  0]LogMemory: Physical Memory: 12865.86 MB used,  19861.93 MB free, 32727.79 MB total
[2017.06.13-20.42.38:138][  0]LogMemory: Virtual Memory: 638.60 MB used,  19861.93 MB free, 134217728.00 MB total
[2017.06.13-20.42.38:205][  0]LogInit: Using OS detected language (en-US).
[2017.06.13-20.42.38:206][  0]LogInit: Using OS detected locale (en-US).
[2017.06.13-20.42.38:207][  0]LogTextLocalizationManager: No specific localization for 'en-US' exists, so the 'en' localization will be used.
[2017.06.13-20.42.38:883][  0]LogD3D11RHI: D3D11 adapters:
[2017.06.13-20.42.39:334][  0]LogD3D11RHI:    0. 'NVIDIA GeForce GTX 1080' (Feature Level 11_0)
[2017.06.13-20.42.39:334][  0]LogD3D11RHI:       8110/0/16363 MB DedicatedVideo/DedicatedSystem/SharedSystem, Outputs:2, VendorId:0x10de
[2017.06.13-20.42.39:337][  0]LogD3D11RHI:    1. 'Microsoft Basic Render Driver' (Feature Level 11_0)
[2017.06.13-20.42.39:337][  0]LogD3D11RHI:       0/0/16363 MB DedicatedVideo/DedicatedSystem/SharedSystem, Outputs:0, VendorId:0x1414
[2017.06.13-20.42.39:337][  0]LogD3D11RHI: Chosen D3D11 Adapter: 0
[2017.06.13-20.42.39:343][  0]LogD3D11RHI: Creating new Direct3DDevice
[2017.06.13-20.42.39:343][  0]LogD3D11RHI:     GPU DeviceId: 0x1b80 (for the marketing name, search the web for "GPU Device Id")
[2017.06.13-20.42.39:343][  0]LogWindows: EnumDisplayDevices:
[2017.06.13-20.42.39:343][  0]LogWindows:    0. 'NVIDIA GeForce GTX 1080' (P:1 D:1)
[2017.06.13-20.42.39:344][  0]LogWindows:    1. 'NVIDIA GeForce GTX 1080' (P:0 D:1)
[2017.06.13-20.42.39:344][  0]LogWindows:    2. 'NVIDIA GeForce GTX 1080' (P:0 D:0)
[2017.06.13-20.42.39:344][  0]LogWindows:    3. 'NVIDIA GeForce GTX 1080' (P:0 D:0)
[2017.06.13-20.42.39:344][  0]LogWindows: DebugString: FoundDriverCount:4 
[2017.06.13-20.42.39:344][  0]LogD3D11RHI:     Adapter Name: NVIDIA GeForce GTX 1080
[2017.06.13-20.42.39:344][  0]LogD3D11RHI:   Driver Version: 381.65 (internal:22.21.13.8165, unified:381.65)
[2017.06.13-20.42.39:344][  0]LogD3D11RHI:      Driver Date: 3-31-2017
[2017.06.13-20.42.39:344][  0]LogRHI: Texture pool is 1361 MB (70% of 1945 MB)
[2017.06.13-20.42.39:772][  0]LogD3D11RHI: Async texture creation enabled
[2017.06.13-20.42.39:814][  0]LogD3D11RHI: GPU Timing Frequency: 1000.000000 (Debug: 2 1)
[2017.06.13-20.42.39:911][  0]LogShaderCompilers: Guid format shader working directory is -46 characters bigger than the processId version (../../../../../../UnrealProject_D/001_Ucademy/03_BuildingScape/03_BuildingSpace/BuildingSpace/Intermediate/Shaders/WorkingDirectory/16764/).
[2017.06.13-20.42.39:911][  0]LogShaderCompilers: Cleaned the shader compiler working directory 'C:/Users/gbernal/AppData/Local/Temp/UnrealShaderWorkingDir/18A658C34A882863F0CC3DB941B1083C/'.
[2017.06.13-20.42.39:911][  0]LogShaderCompilers:Display: Using Local Shader Compiler.
[2017.06.13-20.42.40:637][  0]LogTemp:Display: Loaded TP AllDesktopTargetPlatform
[2017.06.13-20.42.40:667][  0]LogTemp:Display: Loaded TP MacClientTargetPlatform
[2017.06.13-20.42.40:700][  0]LogTemp:Display: Loaded TP MacNoEditorTargetPlatform
[2017.06.13-20.42.40:731][  0]LogTemp:Display: Loaded TP MacServerTargetPlatform
[2017.06.13-20.42.40:763][  0]LogTemp:Display: Loaded TP MacTargetPlatform
[2017.06.13-20.42.40:796][  0]LogTemp:Display: Loaded TP WindowsClientTargetPlatform
[2017.06.13-20.42.40:829][  0]LogTemp:Display: Loaded TP WindowsNoEditorTargetPlatform
[2017.06.13-20.42.40:861][  0]LogTemp:Display: Loaded TP WindowsServerTargetPlatform
[2017.06.13-20.42.40:888][  0]LogTemp:Display: Loaded TP WindowsTargetPlatform
[2017.06.13-20.42.40:921][  0]LogTemp:Display: Loaded TP AndroidTargetPlatform
[2017.06.13-20.42.40:952][  0]LogTemp:Display: Loaded TP Android_ASTCTargetPlatform
[2017.06.13-20.42.40:986][  0]LogTemp:Display: Loaded TP Android_ATCTargetPlatform
[2017.06.13-20.42.41:016][  0]LogTemp:Display: Loaded TP Android_DXTTargetPlatform
[2017.06.13-20.42.41:052][  0]LogTemp:Display: Loaded TP Android_ETC1TargetPlatform
[2017.06.13-20.42.41:082][  0]LogTemp:Display: Loaded TP Android_ETC2TargetPlatform
[2017.06.13-20.42.41:145][  0]LogTemp:Display: Loaded TP Android_MultiTargetPlatform
[2017.06.13-20.42.41:145][  0]LogTemp:Display: Loaded TP Android_PVRTCTargetPlatform
[2017.06.13-20.42.41:168][  0]LogTemp:Display: Loaded TP HTML5TargetPlatform
[2017.06.13-20.42.41:234][  0]LogTemp:Display: Loaded TP IOSTargetPlatform
[2017.06.13-20.42.41:253][  0]LogTemp:Display: Loaded TP TVOSTargetPlatform
[2017.06.13-20.42.41:283][  0]LogTemp:Display: Loaded TP LinuxClientTargetPlatform
[2017.06.13-20.42.41:314][  0]LogTemp:Display: Loaded TP LinuxNoEditorTargetPlatform
[2017.06.13-20.42.41:344][  0]LogTemp:Display: Loaded TP LinuxServerTargetPlatform
[2017.06.13-20.42.41:374][  0]LogTemp:Display: Loaded TP LinuxTargetPlatform
[2017.06.13-20.42.41:374][  0]LogTargetPlatformManager:Display: Building Assets For Windows
[2017.06.13-20.42.41:688][  0]LogDerivedDataCache:Display: Max Cache Size: 512 MB
[2017.06.13-20.42.41:756][  0]LogDerivedDataCache: Loaded boot cache 0.07s 90MB C:/Users/gbernal/AppData/Local/UnrealEngine/4.16/DerivedDataCache/Boot.ddc.
[2017.06.13-20.42.41:756][  0]LogDerivedDataCache:Display: Loaded Boot cache: C:/Users/gbernal/AppData/Local/UnrealEngine/4.16/DerivedDataCache/Boot.ddc
[2017.06.13-20.42.41:756][  0]LogDerivedDataCache: FDerivedDataBackendGraph:  Pak pak cache file ../../../../../../UnrealProject_D/001_Ucademy/03_BuildingScape/03_BuildingSpace/BuildingSpace/DerivedDataCache/DDC.ddp not found, will not use a pak cache.
[2017.06.13-20.42.41:756][  0]LogDerivedDataCache: Unable to find inner node Pak for hierarchical cache Hierarchy.
[2017.06.13-20.42.41:756][  0]LogDerivedDataCache: FDerivedDataBackendGraph:  CompressedPak pak cache file ../../../../../../UnrealProject_D/001_Ucademy/03_BuildingScape/03_BuildingSpace/BuildingSpace/DerivedDataCache/Compressed.ddp not found, will not use a pak cache.
[2017.06.13-20.42.41:756][  0]LogDerivedDataCache: Unable to find inner node CompressedPak for hierarchical cache Hierarchy.
[2017.06.13-20.42.41:769][  0]LogDerivedDataCache:Display: Pak cache opened for reading ../../../Engine/DerivedDataCache/Compressed.ddp.
[2017.06.13-20.42.41:781][  0]LogDerivedDataCache: Using Local data cache path C:/Users/gbernal/AppData/Local/UnrealEngine/Common/DerivedDataCache: Writable
[2017.06.13-20.42.41:790][  0]LogMaterial: Verifying Global Shaders for PCD3D_SM5
[2017.06.13-20.42.41:790][  0]LogSlate: Using Freetype 2.6.0
[2017.06.13-20.42.41:791][  0]LogSlate: SlateFontCache - WITH_FREETYPE: 1, WITH_HARFBUZZ: 1
[2017.06.13-20.42.41:791][  0]LogSlate: SlateFontCache - WITH_FREETYPE: 1, WITH_HARFBUZZ: 1
[2017.06.13-20.42.42:015][  0]LogInit: Selected Device Profile: [Windows]
[2017.06.13-20.42.42:068][  0]LogContentStreaming: Texture pool size is 0.00 MB
[2017.06.13-20.42.42:175][  0]LogMeshUtilities: Using QuadricMeshReduction for automatic static mesh reduction
[2017.06.13-20.42.42:204][  0]LogSimplygon: Simplygon DLL not present - disabling.
[2017.06.13-20.42.42:232][  0]LogMeshUtilities: Using SimplygonSwarm for distributed automatic mesh merging
[2017.06.13-20.42.42:232][  0]LogMeshUtilities: No automatic skeletal mesh reduction module available
[2017.06.13-20.42.42:232][  0]LogMeshUtilities: No automatic mesh merging module available
[2017.06.13-20.42.42:624][  0]LogNetVersion: BuildingSpace , NetCL: 3452394, EngineNetVer: 2, GameNetVer: 0 (Checksum: 1813711056)
[2017.06.13-20.42.42:675][  0]LogAssetRegistry: FAssetRegistry took 0.0272 seconds to start up
[2017.06.13-20.42.42:709][  0]LogPackageLocalizationCache: Processed 4 localized package path(s) for 2 prioritized culture(s) in 0.021855 seconds
[2017.06.13-20.42.42:713][  0]LogUObjectArray: 34194 objects as part of root set at end of initial load.
[2017.06.13-20.42.42:713][  0]LogUObjectAllocator: 7260416 out of 0 bytes used by permanent object pool.
[2017.06.13-20.42.42:713][  0]LogUObjectArray: CloseDisregardForGC: 0/0 objects in disregard for GC pool
[2017.06.13-20.42.42:748][  0]LogInit: WinSock: version 1.1 (2.2), MaxSocks=32767, MaxUdp=65467
[2017.06.13-20.42.44:294][  0]LogTcpMessaging: Initializing TcpMessaging bridge
[2017.06.13-20.42.44:323][  0]LogUdpMessaging: Initializing bridge on interface 0.0.0.0:0 to multicast group 230.0.0.1:6666.
[2017.06.13-20.42.44:681][  0]LogMaterial: Uniform references updated for custom material expression Custom.
[2017.06.13-20.42.44:918][  0]SourceControl: Info Source control is disabled
[2017.06.13-20.42.44:949][  0]SourceControl: Info Source control is disabled
[2017.06.13-20.42.44:977][  0]SourceControl: Info Source control is disabled
[2017.06.13-20.42.45:004][  0]SourceControl: Info Source control is disabled
[2017.06.13-20.42.45:399][  0]LogAndroidPermission: UAndroidPermissionCallbackProxy::GetInstance
[2017.06.13-20.42.45:759][  0]LogEngine: Initializing Engine...
[2017.06.13-20.42.45:794][  0]LogHMD: SteamVR initialized.  Driver: lighthouse  Display: LHR-36E45508
[2017.06.13-20.42.45:936][  0]LogStats: UGameplayTagsManager::ConstructGameplayTagTree: Construct from data asset -  0.000 s
[2017.06.13-20.42.45:936][  0]LogStats: UGameplayTagsManager::ConstructGameplayTagTree: GameplayTagTreeChangedEvent.Broadcast -  0.000 s
[2017.06.13-20.42.46:009][  0]LogAIModule: Creating AISystem for world Untitled
[2017.06.13-20.42.46:028][  0]LogInit: XAudio2 using 'Realtek HD Audio 2nd output (Realtek High Definition Audio)' : 2 channels at 48 kHz using 32 bits per sample (channel mask 0x3)
[2017.06.13-20.42.46:043][  0]LogInit: FAudioDevice initialized.
[2017.06.13-20.42.46:079][  0]LogDerivedDataCache: Saved boot cache 0.04s 90MB C:/Users/gbernal/AppData/Local/UnrealEngine/4.16/DerivedDataCache/Boot.ddc.
[2017.06.13-20.42.46:089][  0]LogInit: Texture streaming: Enabled
[2017.06.13-20.42.46:146][  0]LogEngineSessionManager: EngineSessionManager initialized
[2017.06.13-20.42.46:146][  0]LogEngineSessionManager: EngineSessionManager sent abnormal shutdown report. Type=Debugger, SessionId={C08156C0-41F9-DF34-E68D-7B95F919A3FF}
[2017.06.13-20.42.46:263][  0]LogInit: Transaction tracking system initialized
[2017.06.13-20.42.46:437][  0]BlueprintLog: New page: Editor Load
[2017.06.13-20.42.46:992][  0]LocalizationService: Info Localization service is disabled
[2017.06.13-20.42.47:386][  0]LogConsoleResponse:Display: 
[2017.06.13-20.42.47:490][  0]LogCook:Display: Max memory allowance for cook 16384mb min free memory 0mb
[2017.06.13-20.42.47:491][  0]LogCook:Display: Mobile HDR setting 1
[2017.06.13-20.42.47:521][  0]LogFileCache: Scanning file cache for directory 'D:/UnrealProject_D/001_Ucademy/03_BuildingScape/03_BuildingSpace/BuildingSpace/Content/' took 0.01s
[2017.06.13-20.42.48:068][  0]SourceControl: Info Source control is disabled
[2017.06.13-20.42.48:068][  0]Cmd: MAP LOAD FILE="../../../../../../UnrealProject_D/001_Ucademy/03_BuildingScape/03_BuildingSpace/BuildingSpace/Content/MyNewMap.umap" TEMPLATE=0 SHOWPROGRESS=1 FEATURELEVEL=3
[2017.06.13-20.42.48:069][  0]LightingResults: New page: Lighting Build
[2017.06.13-20.42.48:091][  0]MapCheck: New page: Map Check
[2017.06.13-20.42.48:091][  0]LightingResults: New page: Lighting Build
[2017.06.13-20.42.48:258][  0]LogAIModule: Creating AISystem for world MyNewMap
[2017.06.13-20.42.48:263][  0]LogEditorServer: Finished looking for orphan Actors (0.000 secs)
[2017.06.13-20.42.48:275][  0]Cmd: MAP CHECKDEP NOCLEARLOG
[2017.06.13-20.42.48:307][  0]MapCheck: Info Map check complete: 0 Error(s), 0 Warning(s), took 32.018ms to complete.
[2017.06.13-20.42.48:307][  0]LogFileHelpers: Loading map 'MyNewMap' took 0.239
[2017.06.13-20.42.48:462][  0]LogCollectionManager: Loaded 0 collections in 0.000968 seconds
[2017.06.13-20.42.48:532][  0]LogFileCache: Scanning file cache for directory 'D:/UnrealProject_D/001_Ucademy/03_BuildingScape/03_BuildingSpace/BuildingSpace/Saved/Collections/' took 0.01s
[2017.06.13-20.42.48:532][  0]LogFileCache: Scanning file cache for directory 'D:/UnrealProject_D/001_Ucademy/03_BuildingScape/03_BuildingSpace/BuildingSpace/Content/Developers/gbernal/Collections/' took 0.01s
[2017.06.13-20.42.48:532][  0]LogFileCache: Scanning file cache for directory 'D:/UnrealProject_D/001_Ucademy/03_BuildingScape/03_BuildingSpace/BuildingSpace/Content/Collections/' took 0.01s
[2017.06.13-20.42.48:532][  0]LogCollectionManager: Rebuilt the GUID cache for 0 collections in 0.000001 seconds
[2017.06.13-20.42.48:542][  0]LogContentBrowser: Native class hierarchy populated in 0.0091 seconds. Added 2331 classes and 493 folders.
[2017.06.13-20.42.48:584][  0]LogContentBrowser: Native class hierarchy updated for 'WidgetCarousel' in 0.0011 seconds. Added 0 classes and 0 folders.
[2017.06.13-20.42.48:610][  0]LogContentBrowser: Native class hierarchy updated for 'AddContentDialog' in 0.0009 seconds. Added 0 classes and 0 folders.
[2017.06.13-20.42.48:640][  0]LogContentBrowser: Native class hierarchy updated for 'SceneOutliner' in 0.0013 seconds. Added 1 classes and 2 folders.
[2017.06.13-20.42.48:671][  0]LogCrashTracker: Crashtracker disabled due to settings.
[2017.06.13-20.42.48:675][  0]LogSlate: Took 0.000163 seconds to synchronously load lazily loaded font '../../../Engine/Content/Slate/Fonts/Roboto-Regular.ttf' (155K)
[2017.06.13-20.42.48:679][  0]LogSlate: Took 0.000156 seconds to synchronously load lazily loaded font '../../../Engine/Content/Slate/Fonts/Roboto-Bold.ttf' (160K)
[2017.06.13-20.42.48:685][  0]LogSlate: Took 0.000185 seconds to synchronously load lazily loaded font '../../../Engine/Content/Editor/Slate/Fonts/FontAwesome.ttf' (139K)
[2017.06.13-20.42.48:759][  0]LogRenderer: Reallocating scene render targets to support 1352x580 NumSamples 1 (Frame:1).
[2017.06.13-20.42.48:797][  0]LogSlate: Took 0.000092 seconds to synchronously load lazily loaded font '../../../Engine/Content/Slate/Fonts/Roboto-Light.ttf' (159K)
[2017.06.13-20.42.48:834][  0]LogUObjectGlobals:Warning: Failed to find object 'Class None.'
[2017.06.13-20.42.48:881][  0]LogContentBrowser: Native class hierarchy updated for 'HierarchicalLODOutliner' in 0.0009 seconds. Added 1 classes and 2 folders.
[2017.06.13-20.42.48:881][  0]LogLoad: (Engine Initialization) Total time: 12.25 seconds
[2017.06.13-20.42.48:881][  0]LogLoad: (Engine Initialization) Total Blueprint compile time: 0.05 seconds
[2017.06.13-20.42.48:881][  0]LogExternalProfiler: Found external profiler: VSPerf
[2017.06.13-20.42.48:881][  0]LogExternalProfiler: Using external profiler: VSPerf
[2017.06.13-20.42.48:891][  0]LogOcInput: OculusInput pre-init called
[2017.06.13-20.42.48:891][  0]LogHMD: Starting GearVRController plugin
[2017.06.13-20.42.48:903][  0]LogAssetRegistry: Asset discovery search completed in 6.2515 seconds
[2017.06.13-20.42.48:905][  0]LogCollectionManager: Rebuilt the object cache for 0 collections in 0.000000 seconds (found 0 objects)
[2017.06.13-20.42.48:905][  0]LogCollectionManager: Fixed up redirectors for 0 collections in 0.000125 seconds (updated 0 objects)
[2017.06.13-20.42.48:908][  0]LogContentStreaming: Texture pool size now 1000 MB
[2017.06.13-20.42.54:116][540]LogSlate: Took 0.000113 seconds to synchronously load lazily loaded font '../../../Engine/Content/Editor/Slate/Fonts/DroidSansMono.ttf' (77K)
[2017.06.13-20.42.57:019][886]LogTemp: Repeting last play command: Selected Viewport
[2017.06.13-20.42.57:041][886]LogPlayLevel: PlayLevel: No blueprints needed recompiling
[2017.06.13-20.42.57:042][886]PIE: New page: PIE session: MyNewMap (Jun 13, 2017, 12:42:57 PM)
[2017.06.13-20.42.57:042][886]LogPlayLevel: Creating play world package: /Game/UEDPIE_0_MyNewMap
[2017.06.13-20.42.57:044][886]LogPlayLevel: PIE: StaticDuplicateObject took: (0.001580s)
[2017.06.13-20.42.57:044][886]LogAIModule: Creating AISystem for world MyNewMap
[2017.06.13-20.42.57:045][886]LogPlayLevel: PIE: World Init took: (0.000779s)
[2017.06.13-20.42.57:045][886]LogPlayLevel: PIE: Created PIE world by copying editor world from /Game/MyNewMap.MyNewMap to /Game/UEDPIE_0_MyNewMap.MyNewMap (0.002950s)
[2017.06.13-20.42.57:066][886]LogInit: XAudio2 using 'Realtek HD Audio 2nd output (Realtek High Definition Audio)' : 2 channels at 48 kHz using 32 bits per sample (channel mask 0x3)
[2017.06.13-20.42.57:074][886]LogInit: FAudioDevice initialized.
[2017.06.13-20.42.57:116][886]LogUObjectGlobals:Warning: Failed to find object 'Class /Script/BuildingSpace.BuildingSpaceGameMode'
[2017.06.13-20.42.57:116][886]LogLoad: Game class is 'GameModeBase'
[2017.06.13-20.42.57:118][886]LogWorld: Bringing World /Game/UEDPIE_0_MyNewMap.MyNewMap up for play (max tick rate 0) at 2017.06.13-16.42.57
[2017.06.13-20.42.57:119][886]LogWorld: Bringing up level for play took: 0.001003
[2017.06.13-20.42.57:142][886]LogContentBrowser: Native class hierarchy updated for 'MovieSceneCapture' in 0.0008 seconds. Added 11 classes and 0 folders.
[2017.06.13-20.42.57:143][886]LogTemp:Warning:  SM_Chair_2 is at 30.000000,150.000000,20.000000|0.000000,179.999924,0.000000|1.000000,1.000000,1.000000 
[2017.06.13-20.42.57:143][886]LogTemp:Warning:  SM_Rock_5 is at 60.000000,-150.000000,20.000000|0.000000,0.000000,0.000000|1.000000,1.000000,1.000000 
[2017.06.13-20.42.57:144][886]PIE: Info Play in editor start time for /Game/UEDPIE_0_MyNewMap 0.829
[2017.06.13-20.42.57:165][887]LogRenderer: Reallocating scene render targets to support 1892x812 NumSamples 1 (Frame:1).
[2017.06.13-20.43.51:710][196]LogWindowsTextInputMethodSystem:Display: IME system now deactivated.
[2017.06.13-20.43.51:873][197]Cmd: QUIT_EDITOR
[2017.06.13-20.43.52:779][197]LogExit: Preparing to exit.
[2017.06.13-20.43.53:683][197]LogDirectoryWatcher: A directory notification for 'D:/UnrealProject_D/001_Ucademy/03_BuildingScape/03_BuildingSpace/BuildingSpace/Content/' was aborted.
[2017.06.13-20.43.53:695][197]LogExit: Editor shut down
[2017.06.13-20.43.53:697][197]LogExit: Transaction tracking system shut down
[2017.06.13-20.43.53:733][197]LogObj: Freed 0b from 0 cluster array pools.
[2017.06.13-20.43.53:733][197]LogExit: Object subsystem successfully closed.
[2017.06.13-20.43.53:757][197]LogD3D11RHI: Shutdown
[2017.06.13-20.43.53:757][197]LogD3D11RHI: CleanupD3DDevice
[2017.06.13-20.43.53:817][197]LogD3D11RHI: ~FD3D11DynamicRHI
[2017.06.13-20.43.53:823][197]LogModuleManager: Shutting down and abandoning module MovieSceneCapture (528)
[2017.06.13-20.43.53:823][197]LogModuleManager: Shutting down and abandoning module HierarchicalLODOutliner (526)
[2017.06.13-20.43.53:823][197]LogModuleManager: Shutting down and abandoning module CrashTracker (524)
[2017.06.13-20.43.53:823][197]LogModuleManager: Shutting down and abandoning module SceneOutliner (522)
[2017.06.13-20.43.53:823][197]LogModuleManager: Shutting down and abandoning module AddContentDialog (520)
[2017.06.13-20.43.53:823][197]LogDirectoryWatcher: A directory notification for 'D:/Program Files/Epic Games/UE_4.16/FeaturePacks/' was aborted.
[2017.06.13-20.43.53:824][197]LogModuleManager: Shutting down and abandoning module WidgetCarousel (519)
[2017.06.13-20.43.53:824][197]LogModuleManager: Shutting down and abandoning module EditorWidgets (516)
[2017.06.13-20.43.53:824][197]LogModuleManager: Shutting down and abandoning module CollectionManager (514)
[2017.06.13-20.43.53:824][197]LogDirectoryWatcher: A directory notification for 'D:/UnrealProject_D/001_Ucademy/03_BuildingScape/03_BuildingSpace/BuildingSpace/Content/Collections/' was aborted.
[2017.06.13-20.43.53:824][197]LogDirectoryWatcher: A directory notification for 'D:/UnrealProject_D/001_Ucademy/03_BuildingScape/03_BuildingSpace/BuildingSpace/Content/Developers/gbernal/Collections/' was aborted.
[2017.06.13-20.43.53:824][197]LogDirectoryWatcher: A directory notification for 'D:/UnrealProject_D/001_Ucademy/03_BuildingScape/03_BuildingSpace/BuildingSpace/Saved/Collections/' was aborted.
[2017.06.13-20.43.53:824][197]LogModuleManager: Shutting down and abandoning module StatsViewer (512)
[2017.06.13-20.43.53:824][197]LogModuleManager: Shutting down and abandoning module FoliageEdit (510)
[2017.06.13-20.43.53:824][197]LogModuleManager: Shutting down and abandoning module LandscapeEditor (508)
[2017.06.13-20.43.53:824][197]LogModuleManager: Shutting down and abandoning module MeshPaintMode (506)
[2017.06.13-20.43.53:825][197]LogModuleManager: Shutting down and abandoning module SceneDepthPickerMode (504)
[2017.06.13-20.43.53:825][197]LogModuleManager: Shutting down and abandoning module ActorPickerMode (502)
[2017.06.13-20.43.53:825][197]LogModuleManager: Shutting down and abandoning module GeometryMode (500)
[2017.06.13-20.43.53:825][197]LogModuleManager: Shutting down and abandoning module TextureAlignMode (498)
[2017.06.13-20.43.53:825][197]LogModuleManager: Shutting down and abandoning module BspMode (496)
[2017.06.13-20.43.53:825][197]LogModuleManager: Shutting down and abandoning module HardwareSurvey (494)
[2017.06.13-20.43.53:825][197]LogModuleManager: Shutting down and abandoning module SequenceRecorderSections (492)
[2017.06.13-20.43.53:825][197]LogModuleManager: Shutting down and abandoning module AutomationWorker (490)
[2017.06.13-20.43.53:825][197]LogModuleManager: Shutting down and abandoning module MatineeToLevelSequence (488)
[2017.06.13-20.43.53:825][197]LogModuleManager: Shutting down and abandoning module LevelSequenceEditor (486)
[2017.06.13-20.43.53:825][197]LogModuleManager: Shutting down and abandoning module PlacementMode (485)
[2017.06.13-20.43.53:825][197]LogModuleManager: Shutting down and abandoning module WmfMediaFactory (482)
[2017.06.13-20.43.53:825][197]LogModuleManager: Shutting down and abandoning module WmfMediaEditor (480)
[2017.06.13-20.43.53:825][197]LogModuleManager: Shutting down and abandoning module AvfMediaFactory (478)
[2017.06.13-20.43.53:825][197]LogModuleManager: Shutting down and abandoning module AvfMediaEditor (476)
[2017.06.13-20.43.53:825][197]LogModuleManager: Shutting down and abandoning module AndroidMediaFactory (474)
[2017.06.13-20.43.53:826][197]LogModuleManager: Shutting down and abandoning module Media (473)
[2017.06.13-20.43.53:826][197]LogModuleManager: Shutting down and abandoning module AndroidMediaEditor (470)
[2017.06.13-20.43.53:826][197]LogModuleManager: Shutting down and abandoning module CharacterAI (468)
[2017.06.13-20.43.53:826][197]LogModuleManager: Shutting down and abandoning module AudioCapture (466)
[2017.06.13-20.43.53:826][197]LogModuleManager: Shutting down and abandoning module SequenceRecorder (465)
[2017.06.13-20.43.53:826][197]LogModuleManager: Shutting down and abandoning module SmartSnapping (462)
[2017.06.13-20.43.53:826][197]LogModuleManager: Shutting down and abandoning module SessionServices (460)
[2017.06.13-20.43.53:826][197]LogModuleManager: Shutting down and abandoning module ViewportSnapping (458)
[2017.06.13-20.43.53:826][197]LogModuleManager: Shutting down and abandoning module ViewportInteraction (456)
[2017.06.13-20.43.53:826][197]LogModuleManager: Shutting down and abandoning module ClothPainter (454)
[2017.06.13-20.43.53:826][197]LogModuleManager: Shutting down and abandoning module LogVisualizer (452)
[2017.06.13-20.43.53:826][197]LogModuleManager: Shutting down and abandoning module IntroTutorials (450)
[2017.06.13-20.43.53:826][197]LogModuleManager: Shutting down and abandoning module GameProjectGeneration (449)
[2017.06.13-20.43.53:826][197]LogModuleManager: Shutting down and abandoning module EditorLiveStreaming (446)
[2017.06.13-20.43.53:826][197]LogModuleManager: Shutting down and abandoning module IOSPlatformEditor (444)
[2017.06.13-20.43.53:826][197]LogModuleManager: Shutting down and abandoning module HTML5PlatformEditor (442)
[2017.06.13-20.43.53:826][197]LogModuleManager: Shutting down and abandoning module AndroidPlatformEditor (440)
[2017.06.13-20.43.53:826][197]LogModuleManager: Shutting down and abandoning module AndroidDeviceDetection (439)
[2017.06.13-20.43.54:328][197]LogModuleManager: Shutting down and abandoning module IOSRuntimeSettings (436)
[2017.06.13-20.43.54:329][197]LogModuleManager: Shutting down and abandoning module AndroidRuntimeSettings (434)
[2017.06.13-20.43.54:329][197]LogModuleManager: Shutting down and abandoning module InputBindingEditor (432)
[2017.06.13-20.43.54:329][197]LogModuleManager: Shutting down and abandoning module MergeActors (430)
[2017.06.13-20.43.54:329][197]LogModuleManager: Shutting down and abandoning module SizeMap (428)
[2017.06.13-20.43.54:329][197]LogModuleManager: Shutting down and abandoning module TreeMap (426)
[2017.06.13-20.43.54:329][197]LogModuleManager: Shutting down and abandoning module ReferenceViewer (424)
[2017.06.13-20.43.54:329][197]LogModuleManager: Shutting down and abandoning module LocalizationDashboard (422)
[2017.06.13-20.43.54:329][197]LogModuleManager: Shutting down and abandoning module LocalizationService (421)
[2017.06.13-20.43.54:329][197]LogModuleManager: Shutting down and abandoning module HardwareTargeting (418)
[2017.06.13-20.43.54:329][197]LogModuleManager: Shutting down and abandoning module DeviceProfileEditor (416)
[2017.06.13-20.43.54:329][197]LogModuleManager: Shutting down and abandoning module UndoHistory (414)
[2017.06.13-20.43.54:329][197]LogModuleManager: Shutting down and abandoning module UserFeedback (412)
[2017.06.13-20.43.54:329][197]LogModuleManager: Shutting down and abandoning module XmlParser (410)
[2017.06.13-20.43.54:329][197]LogModuleManager: Shutting down and abandoning module Blutility (408)
[2017.06.13-20.43.54:329][197]LogModuleManager: Shutting down and abandoning module ProjectSettingsViewer (406)
[2017.06.13-20.43.54:329][197]LogModuleManager: Shutting down and abandoning module ProjectTargetPlatformEditor (405)
[2017.06.13-20.43.54:329][197]LogModuleManager: Shutting down and abandoning module EditorSettingsViewer (402)
[2017.06.13-20.43.54:329][197]LogModuleManager: Shutting down and abandoning module SettingsEditor (400)
[2017.06.13-20.43.54:330][197]LogModuleManager: Shutting down and abandoning module ProjectLauncher (398)
[2017.06.13-20.43.54:330][197]LogModuleManager: Shutting down and abandoning module SessionFrontend (396)
[2017.06.13-20.43.54:330][197]LogModuleManager: Shutting down and abandoning module ProfilerClient (394)
[2017.06.13-20.43.54:330][197]LogModuleManager: Shutting down and abandoning module DeviceManager (392)
[2017.06.13-20.43.54:330][197]LogModuleManager: Shutting down and abandoning module TargetDeviceServices (391)
[2017.06.13-20.43.54:393][197]LogModuleManager: Shutting down and abandoning module AutomationController (388)
[2017.06.13-20.43.54:393][197]LogModuleManager: Shutting down and abandoning module AutomationWindow (386)
[2017.06.13-20.43.54:393][197]LogModuleManager: Shutting down and abandoning module Layers (384)
[2017.06.13-20.43.54:393][197]LogModuleManager: Shutting down and abandoning module ComponentVisualizers (382)
[2017.06.13-20.43.54:393][197]LogModuleManager: Shutting down and abandoning module DetailCustomizations (380)
[2017.06.13-20.43.54:393][197]LogModuleManager: Shutting down and abandoning module PackagesDialog (378)
[2017.06.13-20.43.54:394][197]LogModuleManager: Shutting down and abandoning module Persona (376)
[2017.06.13-20.43.54:394][197]LogModuleManager: Shutting down and abandoning module AdvancedPreviewScene (375)
[2017.06.13-20.43.54:394][197]LogModuleManager: Shutting down and abandoning module AnimGraph (373)
[2017.06.13-20.43.54:394][197]LogModuleManager: Shutting down and abandoning module Kismet (370)
[2017.06.13-20.43.54:394][197]LogModuleManager: Shutting down and abandoning module ClassViewer (368)
[2017.06.13-20.43.54:394][197]LogModuleManager: Shutting down and abandoning module Toolbox (366)
[2017.06.13-20.43.54:394][197]LogModuleManager: Shutting down and abandoning module ModuleUI (364)
[2017.06.13-20.43.54:394][197]LogModuleManager: Shutting down and abandoning module MovieSceneTools (362)
[2017.06.13-20.43.54:394][197]LogModuleManager: Shutting down and abandoning module OutputLog (360)
[2017.06.13-20.43.54:394][197]LogModuleManager: Shutting down and abandoning module GammaUI (358)
[2017.06.13-20.43.54:394][197]LogModuleManager: Shutting down and abandoning module Documentation (356)
[2017.06.13-20.43.54:394][197]LogModuleManager: Shutting down and abandoning module MovieSceneTracks (354)
[2017.06.13-20.43.54:394][197]LogModuleManager: Shutting down and abandoning module MovieScene (352)
[2017.06.13-20.43.54:394][197]LogModuleManager: Shutting down and abandoning module Niagara (350)
[2017.06.13-20.43.54:394][197]LogModuleManager: Shutting down and abandoning module NiagaraEditor (349)
[2017.06.13-20.43.54:394][197]LogModuleManager: Shutting down and abandoning module StreamingPauseRendering (346)
[2017.06.13-20.43.54:394][197]LogModuleManager: Shutting down and abandoning module AnalyticsET (344)
[2017.06.13-20.43.54:394][197]LogModuleManager: Shutting down and abandoning module PortalServices (342)
[2017.06.13-20.43.54:394][197]LogModuleManager: Shutting down and abandoning module PortalRpc (340)
[2017.06.13-20.43.54:395][197]LogModuleManager: Shutting down and abandoning module MessagingRpc (338)
[2017.06.13-20.43.54:395][197]LogModuleManager: Shutting down and abandoning module AIModule (336)
[2017.06.13-20.43.54:395][197]LogModuleManager: Shutting down and abandoning module GameplayDebugger (335)
[2017.06.13-20.43.54:395][197]LogModuleManager: Shutting down and abandoning module AITestSuite (333)
[2017.06.13-20.43.54:395][197]LogModuleManager: Shutting down and abandoning module ProfilerService (330)
[2017.06.13-20.43.54:476][197]LogModuleManager: Shutting down and abandoning module TaskGraph (328)
[2017.06.13-20.43.54:476][197]LogModuleManager: Shutting down and abandoning module SteamVRController (326)
[2017.06.13-20.43.54:476][197]LogModuleManager: Shutting down and abandoning module SteamVR (324)
[2017.06.13-20.43.54:476][197]LogModuleManager: Shutting down and abandoning module ProceduralMeshComponentEditor (322)
[2017.06.13-20.43.54:476][197]LogModuleManager: Shutting down and abandoning module ProceduralMeshComponent (320)
[2017.06.13-20.43.54:476][197]LogModuleManager: Shutting down and abandoning module OculusLibrary (318)
[2017.06.13-20.43.54:476][197]LogModuleManager: Shutting down and abandoning module OculusInput (316)
[2017.06.13-20.43.54:476][197]LogModuleManager: Shutting down and abandoning module MobilePatchingUtils (314)
[2017.06.13-20.43.54:476][197]LogModuleManager: Shutting down and abandoning module CustomMeshComponent (312)
[2017.06.13-20.43.54:476][197]LogModuleManager: Shutting down and abandoning module CableComponent (310)
[2017.06.13-20.43.54:476][197]LogModuleManager: Shutting down and abandoning module ArchVisCharacter (308)
[2017.06.13-20.43.54:477][197]LogModuleManager: Shutting down and abandoning module AndroidPermission (306)
[2017.06.13-20.43.54:477][197]LogModuleManager: Shutting down and abandoning module MediaPlayerEditor (302)
[2017.06.13-20.43.54:477][197]LogModuleManager: Shutting down and abandoning module HTML5Networking (300)
[2017.06.13-20.43.54:477][197]LogModuleManager: Shutting down and abandoning module AlembicImporter (298)
[2017.06.13-20.43.54:477][197]LogModuleManager: Shutting down and abandoning module AlembicLibrary (297)
[2017.06.13-20.43.54:477][197]LogModuleManager: Shutting down and abandoning module GeometryCache (296)
[2017.06.13-20.43.54:477][197]LogModuleManager: Shutting down and abandoning module GeometryCacheEd (295)
[2017.06.13-20.43.54:477][197]LogModuleManager: Shutting down and abandoning module SuperSearchEditor (290)
[2017.06.13-20.43.54:477][197]LogModuleManager: Shutting down and abandoning module SuperSearch (289)
[2017.06.13-20.43.54:477][197]LogModuleManager: Shutting down and abandoning module SpeedTreeImporter (286)
[2017.06.13-20.43.54:477][197]LogModuleManager: Shutting down and abandoning module PluginBrowser (284)
[2017.06.13-20.43.54:477][197]LogModuleManager: Shutting down and abandoning module MobileLauncherProfileWizard (282)
[2017.06.13-20.43.54:477][197]LogModuleManager: Shutting down and abandoning module VisualStudioSourceCodeAccess (280)
[2017.06.13-20.43.54:477][197]LogModuleManager: Shutting down and abandoning module DesktopPlatform (279)
[2017.06.13-20.43.54:477][197]LogModuleManager: Shutting down and abandoning module UObjectPlugin (276)
[2017.06.13-20.43.54:477][197]LogModuleManager: Shutting down and abandoning module SubversionSourceControl (274)
[2017.06.13-20.43.54:477][197]LogModuleManager: Shutting down and abandoning module PerforceSourceControl (272)
[2017.06.13-20.43.54:477][197]LogModuleManager: Shutting down and abandoning module GitSourceControl (270)
[2017.06.13-20.43.54:477][197]LogModuleManager: Shutting down and abandoning module SourceControl (269)
[2017.06.13-20.43.54:477][197]LogModuleManager: Shutting down and abandoning module LightPropagationVolumeEditor (266)
[2017.06.13-20.43.54:477][197]LogModuleManager: Shutting down and abandoning module PaperTiledImporter (264)
[2017.06.13-20.43.54:477][197]LogModuleManager: Shutting down and abandoning module PaperSpriteSheetImporter (262)
[2017.06.13-20.43.54:478][197]LogModuleManager: Shutting down and abandoning module Paper2DEditor (260)
[2017.06.13-20.43.54:478][197]LogModuleManager: Shutting down and abandoning module MeshPaint (259)
[2017.06.13-20.43.54:478][197]LogModuleManager: Shutting down and abandoning module LevelEditor (257)
[2017.06.13-20.43.54:478][197]LogModuleManager: Shutting down and abandoning module PixelInspectorModule (256)
[2017.06.13-20.43.54:478][197]LogModuleManager: Shutting down and abandoning module MainFrame (254)
[2017.06.13-20.43.54:478][197]LogModuleManager: Shutting down and abandoning module HotReload (253)
[2017.06.13-20.43.54:478][197]LogDirectoryWatcher: A directory notification for 'D:/UnrealProject_D/001_Ucademy/03_BuildingScape/03_BuildingSpace/BuildingSpace/Binaries/Win64' was aborted.
[2017.06.13-20.43.54:478][197]LogModuleManager: Shutting down and abandoning module BuildingSpace (248)
[2017.06.13-20.43.54:479][197]LogModuleManager: Shutting down and abandoning module PhysXVehiclesEditor (246)
[2017.06.13-20.43.54:479][197]LogModuleManager: Shutting down and abandoning module PhysXVehicles (244)
[2017.06.13-20.43.54:479][197]LogModuleManager: Shutting down and abandoning module LocationServicesBPLibrary (242)
[2017.06.13-20.43.54:479][197]LogModuleManager: Shutting down and abandoning module ImmediatePhysicsEditor (240)
[2017.06.13-20.43.54:479][197]LogModuleManager: Shutting down and abandoning module ImmediatePhysics (238)
[2017.06.13-20.43.54:479][197]LogModuleManager: Shutting down and abandoning module UdpMessaging (236)
[2017.06.13-20.43.54:580][197]LogModuleManager: Shutting down and abandoning module TcpMessaging (234)
[2017.06.13-20.43.54:680][197]LogModuleManager: Shutting down and abandoning module GameplayTagsEditor (232)
[2017.06.13-20.43.54:680][197]LogModuleManager: Shutting down and abandoning module FacialAnimationEditor (230)
[2017.06.13-20.43.54:680][197]LogModuleManager: Shutting down and abandoning module FacialAnimation (228)
[2017.06.13-20.43.54:680][197]LogModuleManager: Shutting down and abandoning module AssetManagerEditor (226)
[2017.06.13-20.43.54:680][197]LogModuleManager: Shutting down and abandoning module GraphEditor (225)
[2017.06.13-20.43.54:680][197]LogModuleManager: Shutting down and abandoning module ContentBrowser (223)
[2017.06.13-20.43.54:681][197]LogModuleManager: Shutting down and abandoning module LightPropagationVolumeRuntime (220)
[2017.06.13-20.43.54:681][197]LogModuleManager: Shutting down and abandoning module Paper2D (218)
[2017.06.13-20.43.54:681][197]LogModuleManager: Shutting down and abandoning module WindowsMoviePlayer (216)
[2017.06.13-20.43.54:681][197]LogModuleManager: Shutting down and abandoning module WmfMedia (214)
[2017.06.13-20.43.54:681][197]LogModuleManager: Shutting down and abandoning module ClothingSystemEditor (212)
[2017.06.13-20.43.54:681][197]LogModuleManager: Shutting down and abandoning module ClothingSystemRuntime (210)
[2017.06.13-20.43.54:681][197]LogModuleManager: Shutting down and abandoning module MediaAssets (208)
[2017.06.13-20.43.54:681][197]LogModuleManager: Shutting down and abandoning module GameLiveStreaming (206)
[2017.06.13-20.43.54:681][197]LogModuleManager: Shutting down and abandoning module VREditor (204)
[2017.06.13-20.43.54:682][197]LogModuleManager: Shutting down and abandoning module StringTableEditor (202)
[2017.06.13-20.43.54:682][197]LogModuleManager: Shutting down and abandoning module GameplayTasksEditor (200)
[2017.06.13-20.43.54:682][197]LogModuleManager: Shutting down and abandoning module BehaviorTreeEditor (198)
[2017.06.13-20.43.54:682][197]LogModuleManager: Shutting down and abandoning module FunctionalTesting (196)
[2017.06.13-20.43.54:682][197]LogModuleManager: Shutting down and abandoning module CollisionAnalyzer (194)
[2017.06.13-20.43.54:682][197]LogModuleManager: Shutting down and abandoning module UMG (192)
[2017.06.13-20.43.54:682][197]LogModuleManager: Shutting down and abandoning module UMGEditor (191)
[2017.06.13-20.43.54:682][197]LogModuleManager: Shutting down and abandoning module Sequencer (190)
[2017.06.13-20.43.54:682][197]LogModuleManager: Shutting down and abandoning module AssetTools (188)
[2017.06.13-20.43.54:682][197]LogModuleManager: Shutting down and abandoning module MessageLog (187)
[2017.06.13-20.43.54:682][197]LogModuleManager: Shutting down and abandoning module WorkspaceMenuStructure (186)
[2017.06.13-20.43.54:682][197]LogModuleManager: Shutting down and abandoning module SlateReflector (180)
[2017.06.13-20.43.54:682][197]LogModuleManager: Shutting down and abandoning module Slate (178)
[2017.06.13-20.43.54:682][197]LogModuleManager: Shutting down and abandoning module EditorStyle (176)
[2017.06.13-20.43.54:684][197]LogModuleManager: Shutting down and abandoning module SourceCodeAccess (174)
[2017.06.13-20.43.54:684][197]LogModuleManager: Shutting down and abandoning module HeadMountedDisplay (172)
[2017.06.13-20.43.54:684][197]LogModuleManager: Shutting down and abandoning module XAudio2 (170)
[2017.06.13-20.43.54:684][197]LogModuleManager: Shutting down and abandoning module Networking (168)
[2017.06.13-20.43.54:684][197]LogModuleManager: Shutting down and abandoning module Core (164)
[2017.06.13-20.43.54:684][197]LogModuleManager: Shutting down and abandoning module AssetRegistry (162)
[2017.06.13-20.43.54:768][197]LogDirectoryWatcher: A directory notification for '../../../Engine/Content/' was aborted.
[2017.06.13-20.43.54:768][197]LogDirectoryWatcher: A directory notification for '../../../../../../UnrealProject_D/001_Ucademy/03_BuildingScape/03_BuildingSpace/BuildingSpace/Content/' was aborted.
[2017.06.13-20.43.54:768][197]LogDirectoryWatcher: A directory notification for '../../../Engine/Plugins/2D/Paper2D/Content/' was aborted.
[2017.06.13-20.43.54:768][197]LogDirectoryWatcher: A directory notification for '../../../Engine/Plugins/Runtime/GearVR/Content/' was aborted.
[2017.06.13-20.43.54:769][197]LogModuleManager: Shutting down and abandoning module DirectoryWatcher (161)
[2017.06.13-20.43.54:770][197]LogModuleManager: Shutting down and abandoning module KismetCompiler (158)
[2017.06.13-20.43.54:770][197]LogModuleManager: Shutting down and abandoning module LevelSequence (156)
[2017.06.13-20.43.54:770][197]LogModuleManager: Shutting down and abandoning module PhysXFormats (154)
[2017.06.13-20.43.54:770][197]LogModuleManager: Shutting down and abandoning module MeshUtilities (152)
[2017.06.13-20.43.54:770][197]LogModuleManager: Shutting down and abandoning module SimplygonSwarm (151)
[2017.06.13-20.43.54:770][197]LogModuleManager: Shutting down and abandoning module SimplygonMeshReduction (149)
[2017.06.13-20.43.54:770][197]LogModuleManager: Shutting down and abandoning module QuadricMeshReduction (147)
[2017.06.13-20.43.54:770][197]LogModuleManager: Shutting down and abandoning module DerivedDataCache (144)
[2017.06.13-20.43.55:126][197]LogDerivedDataCache: Shutdown
[2017.06.13-20.43.55:126][197]LogModuleManager: Shutting down and abandoning module TargetPlatform (142)
[2017.06.13-20.43.55:126][197]LogModuleManager: Shutting down and abandoning module VulkanShaderFormat (141)
[2017.06.13-20.43.55:126][197]LogModuleManager: Shutting down and abandoning module ShaderFormatVectorVM (139)
[2017.06.13-20.43.55:126][197]LogModuleManager: Shutting down and abandoning module ShaderFormatOpenGL (137)
[2017.06.13-20.43.55:126][197]LogModuleManager: Shutting down and abandoning module ShaderFormatD3D (135)
[2017.06.13-20.43.55:126][197]LogModuleManager: Shutting down and abandoning module MetalShaderFormat (133)
[2017.06.13-20.43.55:126][197]LogModuleManager: Shutting down and abandoning module TextureFormatUncompressed (131)
[2017.06.13-20.43.55:126][197]LogModuleManager: Shutting down and abandoning module TextureFormatPVR (129)
[2017.06.13-20.43.55:127][197]LogModuleManager: Shutting down and abandoning module TextureFormatDXT (127)
[2017.06.13-20.43.55:127][197]LogModuleManager: Shutting down and abandoning module TextureFormatIntelISPCTexComp (125)
[2017.06.13-20.43.55:128][197]LogModuleManager: Shutting down and abandoning module TextureFormatASTC (123)
[2017.06.13-20.43.55:128][197]LogModuleManager: Shutting down and abandoning module ImageWrapper (122)
[2017.06.13-20.43.55:128][197]LogModuleManager: Shutting down and abandoning module TextureFormatAndroid (119)
[2017.06.13-20.43.55:128][197]LogModuleManager: Shutting down and abandoning module AudioFormatOpus (117)
[2017.06.13-20.43.55:128][197]LogModuleManager: Shutting down and abandoning module AudioFormatOgg (115)
[2017.06.13-20.43.55:128][197]LogModuleManager: Shutting down and abandoning module AudioFormatADPCM (113)
[2017.06.13-20.43.55:128][197]LogModuleManager: Shutting down and abandoning module LinuxTargetPlatform (111)
[2017.06.13-20.43.55:128][197]LogModuleManager: Shutting down and abandoning module LinuxServerTargetPlatform (109)
[2017.06.13-20.43.55:128][197]LogModuleManager: Shutting down and abandoning module LinuxNoEditorTargetPlatform (107)
[2017.06.13-20.43.55:128][197]LogModuleManager: Shutting down and abandoning module LinuxClientTargetPlatform (105)
[2017.06.13-20.43.55:128][197]LogModuleManager: Shutting down and abandoning module TVOSTargetPlatform (103)
[2017.06.13-20.43.55:128][197]LogModuleManager: Shutting down and abandoning module Messaging (101)
[2017.06.13-20.43.55:128][197]LogModuleManager: Shutting down and abandoning module IOSTargetPlatform (99)
[2017.06.13-20.43.55:128][197]LogModuleManager: Shutting down and abandoning module HTML5TargetPlatform (97)
[2017.06.13-20.43.55:128][197]LogModuleManager: Shutting down and abandoning module Android_PVRTCTargetPlatform (95)
[2017.06.13-20.43.55:128][197]LogModuleManager: Shutting down and abandoning module Android_MultiTargetPlatform (93)
[2017.06.13-20.43.55:128][197]LogModuleManager: Shutting down and abandoning module Android_ETC2TargetPlatform (91)
[2017.06.13-20.43.55:128][197]LogModuleManager: Shutting down and abandoning module Android_ETC1TargetPlatform (89)
[2017.06.13-20.43.55:128][197]LogModuleManager: Shutting down and abandoning module Android_DXTTargetPlatform (87)
[2017.06.13-20.43.55:128][197]LogModuleManager: Shutting down and abandoning module Android_ATCTargetPlatform (85)
[2017.06.13-20.43.55:128][197]LogModuleManager: Shutting down and abandoning module Android_ASTCTargetPlatform (83)
[2017.06.13-20.43.55:128][197]LogModuleManager: Shutting down and abandoning module AndroidTargetPlatform (81)
[2017.06.13-20.43.55:128][197]LogModuleManager: Shutting down and abandoning module WindowsTargetPlatform (79)
[2017.06.13-20.43.55:128][197]LogModuleManager: Shutting down and abandoning module WindowsServerTargetPlatform (77)
[2017.06.13-20.43.55:128][197]LogModuleManager: Shutting down and abandoning module WindowsNoEditorTargetPlatform (75)
[2017.06.13-20.43.55:128][197]LogModuleManager: Shutting down and abandoning module WindowsClientTargetPlatform (73)
[2017.06.13-20.43.55:128][197]LogModuleManager: Shutting down and abandoning module MacTargetPlatform (71)
[2017.06.13-20.43.55:129][197]LogModuleManager: Shutting down and abandoning module MacServerTargetPlatform (69)
[2017.06.13-20.43.55:129][197]LogModuleManager: Shutting down and abandoning module MacNoEditorTargetPlatform (67)
[2017.06.13-20.43.55:129][197]LogModuleManager: Shutting down and abandoning module MacClientTargetPlatform (65)
[2017.06.13-20.43.55:129][197]LogModuleManager: Shutting down and abandoning module AllDesktopTargetPlatform (63)
[2017.06.13-20.43.55:129][197]LogModuleManager: Shutting down and abandoning module InputCore (60)
[2017.06.13-20.43.55:129][197]LogModuleManager: Shutting down and abandoning module Settings (58)
[2017.06.13-20.43.55:129][197]LogModuleManager: Shutting down and abandoning module OculusRift (56)
[2017.06.13-20.43.55:129][197]LogModuleManager: Shutting down and abandoning module GearVRController (54)
[2017.06.13-20.43.55:129][197]LogModuleManager: Shutting down and abandoning module GearVR (52)
[2017.06.13-20.43.55:129][197]LogModuleManager: Shutting down and abandoning module ExampleDeviceProfileSelector (50)
[2017.06.13-20.43.55:129][197]LogModuleManager: Shutting down and abandoning module OnlineBlueprintSupport (48)
[2017.06.13-20.43.55:129][197]LogModuleManager: Shutting down and abandoning module OnlineSubsystem (44)
[2017.06.13-20.43.55:129][197]LogOnline:Display: Unloading online subsystem: NULL
[2017.06.13-20.43.55:129][197]LogModuleManager: Shutting down and abandoning module XMPP (43)
[2017.06.13-20.43.55:129][197]LogModuleManager: Shutting down and abandoning module HTTP (41)
[2017.06.13-20.43.55:129][197]LogHttp:Display: Http module shutting down, but needs to wait on 1 outstanding Http requests:
[2017.06.13-20.43.55:129][197]LogHttp:Display: 	verb=[POST] url=[https://datarouter.ol.epicgames.com/datarouter/api/v1/public/data?SessionID=%7B2A761FE0-49E3-0B34-8504-A3BE014A7899%7D&AppID=UEEditor.Rocket.Release&AppVersion=4.16.1-3466753%2B%2B%2BUE4%2BRelease-4.16&UserID=2b9fe86042f5449b6b877aafddb13d03%7C50840ffc73d945a4886140767aa7479a%7C67d8b230-15b2-4412-a0f2-ff5aa5b9cb21&AppEnvironment=datacollector-binary&UploadType=eteventstream] status=Processing
[2017.06.13-20.43.55:144][197]LogModuleManager: Shutting down and abandoning module SSL (40)
[2017.06.13-20.43.55:145][197]LogModuleManager: Shutting down and abandoning module HTTPChunkInstaller (36)
[2017.06.13-20.43.55:145][197]LogModuleManager: Shutting down and abandoning module AnimationModifiers (34)
[2017.06.13-20.43.55:145][197]LogModuleManager: Shutting down and abandoning module PropertyEditor (33)
[2017.06.13-20.43.55:145][197]LogModuleManager: Shutting down and abandoning module AudioEditor (30)
[2017.06.13-20.43.55:145][197]LogModuleManager: Shutting down and abandoning module TextureCompressor (28)
[2017.06.13-20.43.55:146][197]LogModuleManager: Shutting down and abandoning module ShaderCore (26)
[2017.06.13-20.43.55:146][197]LogModuleManager: Shutting down and abandoning module Landscape (24)
[2017.06.13-20.43.55:146][197]LogModuleManager: Shutting down and abandoning module SlateRHIRenderer (22)
[2017.06.13-20.43.55:147][197]LogModuleManager: Shutting down and abandoning module OpenGLDrv (20)
[2017.06.13-20.43.55:147][197]LogModuleManager: Shutting down and abandoning module D3D11RHI (18)
[2017.06.13-20.43.55:147][197]LogModuleManager: Shutting down and abandoning module AnimGraphRuntime (16)
[2017.06.13-20.43.55:147][197]LogModuleManager: Shutting down and abandoning module Renderer (14)
[2017.06.13-20.43.55:147][197]LogModuleManager: Shutting down and abandoning module Engine (12)
[2017.06.13-20.43.55:147][197]LogModuleManager: Shutting down and abandoning module CoreUObject (10)
[2017.06.13-20.43.55:147][197]LogModuleManager: Shutting down and abandoning module NetworkFile (8)
[2017.06.13-20.43.55:147][197]LogModuleManager: Shutting down and abandoning module StreamingFile (6)
[2017.06.13-20.43.55:147][197]LogModuleManager: Shutting down and abandoning module SandboxFile (4)
[2017.06.13-20.43.55:147][197]LogModuleManager: Shutting down and abandoning module PakFile (2)
[2017.06.13-20.43.55:151][197]LogExit: Exiting.
[2017.06.13-20.43.55:160][197]Log file closed, 06/13/17 16:43:55
